**********************
* MERGE PROGRESS LOG *
**********************
[14:46:28] [INFO]: Starting merge for Project: C:\Users\iconsys\Documents\Automation\DarrenStacker\P22048_Cranswick_Onsite_2023_08_01\IM\HMI\I\0\Context.wrk
[14:46:28] [INFO]: Setting up Full Project Merge...
[14:46:28] [WARNING]: Open optional file failed: C:\Users\iconsys\Documents\Automation\DarrenStacker\P22048_Cranswick_Onsite_2023_08_01\IM\HMI\I\0\Context.wrk\system\runtime.rdf
[14:46:28] [WARNING]: Open optional file failed: C:\Users\iconsys\Documents\Automation\DarrenStacker\P22048_Cranswick_Onsite_2023_08_01\IM\HMI\I\0\Context.wrk\deltas\4\runtime.rdf
[14:46:28] [INFO]: Number of Jobs to execute: 27
[14:46:28] [INFO]: Starting Job number 1: MERGE JOB
[14:46:28] [INFO]: Merging file C:\Users\iconsys\Documents\Automation\DarrenStacker\P22048_Cranswick_Onsite_2023_08_01\IM\HMI\I\0\Context.wrk\\temp_26_0_0_0.rdf
                   Merging source file: C:\Users\iconsys\Documents\Automation\DarrenStacker\P22048_Cranswick_Onsite_2023_08_01\IM\HMI\I\0\Context.wrk\\general\ChromIdentification.rdf
                   with: C:\Users\iconsys\Documents\Automation\DarrenStacker\P22048_Cranswick_Onsite_2023_08_01\IM\HMI\I\0\Context.wrk\\deltas\4\ChromIdentification.rdf
[14:46:28] [INFO]: The job was executed succesfully.
[14:46:28] [INFO]: Starting Job number 2: MERGE JOB
[14:46:28] [INFO]: Merging file C:\Users\iconsys\Documents\Automation\DarrenStacker\P22048_Cranswick_Onsite_2023_08_01\IM\HMI\I\0\Context.wrk\\temp_27_0_0_0.rdf
                   Merging source file: C:\Users\iconsys\Documents\Automation\DarrenStacker\P22048_Cranswick_Onsite_2023_08_01\IM\HMI\I\0\Context.wrk\\general\ChromIdentification.rdf
[14:46:28] [INFO]: The job was executed succesfully.
[14:46:28] [INFO]: Starting Job number 3: MERGE JOB
[14:46:28] [INFO]: Merging file C:\Users\iconsys\Documents\Automation\DarrenStacker\P22048_Cranswick_Onsite_2023_08_01\IM\HMI\I\0\Context.wrk\\temp_29_0_0_0.rdf
                   Merging source file: C:\Users\iconsys\Documents\Automation\DarrenStacker\P22048_Cranswick_Onsite_2023_08_01\IM\HMI\I\0\Context.wrk\\general\ChromIdentification.rdf
[14:46:28] [INFO]: The job was executed succesfully.
[14:46:28] [INFO]: Starting Job number 4: JOIN JOB
[14:46:28] [INFO]: Joining the following files:
                   temp_26_0_0_0.rdf
                   temp_27_0_0_0.rdf
                   temp_29_0_0_0.rdf
                   to output file: general\ChromIdentification.rdf
[14:46:28] [INFO]: The job was executed succesfully.
[14:46:28] [INFO]: Starting Job number 5: MERGE JOB
[14:46:28] [INFO]: Merging file C:\Users\iconsys\Documents\Automation\DarrenStacker\P22048_Cranswick_Onsite_2023_08_01\IM\HMI\I\0\Context.wrk\\temp_96_0_0_0.rdf
                   Merging source file: C:\Users\iconsys\Documents\Automation\DarrenStacker\P22048_Cranswick_Onsite_2023_08_01\IM\HMI\I\0\Context.wrk\\general\cds.rdf
                   with: C:\Users\iconsys\Documents\Automation\DarrenStacker\P22048_Cranswick_Onsite_2023_08_01\IM\HMI\I\0\Context.wrk\\deltas\4\cds.rdf
[14:46:28] [INFO]: The job was executed succesfully.
[14:46:28] [INFO]: Starting Job number 6: JOIN JOB
[14:46:28] [INFO]: Joining the following files:
                   temp_96_0_0_0.rdf
                   to output file: general\cds.rdf
[14:46:28] [INFO]: The job was executed succesfully.
[14:46:28] [INFO]: Starting Job number 7: MERGE JOB
[14:46:28] [INFO]: Merging file C:\Users\iconsys\Documents\Automation\DarrenStacker\P22048_Cranswick_Onsite_2023_08_01\IM\HMI\I\0\Context.wrk\\temp_514_301_0_0.rdf
                   Merging source file: C:\Users\iconsys\Documents\Automation\DarrenStacker\P22048_Cranswick_Onsite_2023_08_01\IM\HMI\I\0\Context.wrk\\general\textListLibrary.rdf
[14:46:28] [INFO]: The job was executed succesfully.
[14:46:28] [INFO]: Starting Job number 8: JOIN JOB
[14:46:28] [INFO]: Joining the following files:
                   temp_514_301_0_0.rdf
                   to output file: general\textListLibrary.rdf
[14:46:28] [INFO]: The job was executed succesfully.
[14:46:28] [INFO]: Starting Job number 9: FINALIZE JOB
[14:46:28] [INFO]: Finalizing merge for general\textListLibrary.rdf
[14:46:28] [INFO]: The job was executed succesfully.
[14:46:28] [INFO]: Starting Job number 10: DELETE JOB
[14:46:28] [INFO]: Deleting file temp_514_301_0_0.rdf
[14:46:28] [INFO]: The job was executed succesfully.
[14:46:28] [INFO]: Starting Job number 11: MERGE JOB
[14:46:28] [INFO]: Merging file C:\Users\iconsys\Documents\Automation\DarrenStacker\P22048_Cranswick_Onsite_2023_08_01\IM\HMI\I\0\Context.wrk\\temp_4_0_8_0.rdf
                   Merging source file: C:\Users\iconsys\Documents\Automation\DarrenStacker\P22048_Cranswick_Onsite_2023_08_01\IM\HMI\I\0\Context.wrk\\system\ProjectCharacteristics.rdf
                   with: C:\Users\iconsys\Documents\Automation\DarrenStacker\P22048_Cranswick_Onsite_2023_08_01\IM\HMI\I\0\Context.wrk\\deltas\4\ProjectCharacteristics.rdf
[14:46:28] [INFO]: The job was executed succesfully.
[14:46:28] [INFO]: Starting Job number 12: MERGE JOB
[14:46:28] [INFO]: Merging file C:\Users\iconsys\Documents\Automation\DarrenStacker\P22048_Cranswick_Onsite_2023_08_01\IM\HMI\I\0\Context.wrk\\temp_8_0_0_0.rdf
                   Merging source file: C:\Users\iconsys\Documents\Automation\DarrenStacker\P22048_Cranswick_Onsite_2023_08_01\IM\HMI\I\0\Context.wrk\\system\ProjectCharacteristics.rdf
                   with: C:\Users\iconsys\Documents\Automation\DarrenStacker\P22048_Cranswick_Onsite_2023_08_01\IM\HMI\I\0\Context.wrk\\deltas\4\ProjectCharacteristics.rdf
[14:46:28] [INFO]: The job was executed succesfully.
[14:46:28] [INFO]: Starting Job number 13: JOIN JOB
[14:46:28] [INFO]: Joining the following files:
                   temp_4_0_8_0.rdf
                   temp_8_0_0_0.rdf
                   to output file: system\ProjectCharacteristics.rdf
[14:46:28] [INFO]: The job was executed succesfully.
[14:46:28] [INFO]: Starting Job number 14: MERGE JOB
[14:46:28] [INFO]: Merging file C:\Users\iconsys\Documents\Automation\DarrenStacker\P22048_Cranswick_Onsite_2023_08_01\IM\HMI\I\0\Context.wrk\\temp_1_0_0_0.rdf
                   Merging source file: C:\Users\iconsys\Documents\Automation\DarrenStacker\P22048_Cranswick_Onsite_2023_08_01\IM\HMI\I\0\Context.wrk\\general\main.rdf
                   with: C:\Users\iconsys\Documents\Automation\DarrenStacker\P22048_Cranswick_Onsite_2023_08_01\IM\HMI\I\0\Context.wrk\\deltas\4\deltaMain.rdf
[14:46:28] [INFO]: The job was executed succesfully.
[14:46:28] [INFO]: Starting Job number 15: JOIN JOB
[14:46:28] [INFO]: Joining the following files:
                   temp_0_0_0_0.rdf
                   temp_1_0_0_0.rdf
                   to output file: general\main.rdf
[14:46:28] [INFO]: The job was executed succesfully.
[14:46:28] [INFO]: Starting Job number 16: FINALIZE JOB
[14:46:28] [INFO]: Finalizing merge for system\ProjectCharacteristics.rdf
[14:46:28] [INFO]: The job was executed succesfully.
[14:46:28] [INFO]: Starting Job number 17: DELETE JOB
[14:46:28] [INFO]: Deleting file temp_4_0_8_0.rdf
[14:46:28] [INFO]: The job was executed succesfully.
[14:46:28] [INFO]: Starting Job number 18: DELETE JOB
[14:46:28] [INFO]: Deleting file temp_8_0_0_0.rdf
[14:46:28] [INFO]: The job was executed succesfully.
[14:46:28] [INFO]: Starting Job number 19: FINALIZE JOB
[14:46:28] [INFO]: Finalizing merge for general\main.rdf
[14:46:28] [INFO]: The job was executed succesfully.
[14:46:28] [INFO]: Starting Job number 20: DELETE JOB
[14:46:28] [INFO]: Deleting file temp_0_0_0_0.rdf
[14:46:28] [INFO]: The job was executed succesfully.
[14:46:28] [INFO]: Starting Job number 21: DELETE JOB
[14:46:28] [INFO]: Deleting file temp_1_0_0_0.rdf
[14:46:28] [INFO]: The job was executed succesfully.
[14:46:28] [INFO]: Starting Job number 22: FINALIZE JOB
[14:46:28] [INFO]: Finalizing merge for general\cds.rdf
[14:46:28] [INFO]: The job was executed succesfully.
[14:46:28] [INFO]: Starting Job number 23: DELETE JOB
[14:46:28] [INFO]: Deleting file temp_96_0_0_0.rdf
[14:46:28] [INFO]: The job was executed succesfully.
[14:46:28] [INFO]: Starting Job number 24: FINALIZE JOB
[14:46:28] [INFO]: Finalizing merge for general\ChromIdentification.rdf
[14:46:28] [INFO]: The job was executed succesfully.
[14:46:28] [INFO]: Starting Job number 25: DELETE JOB
[14:46:28] [INFO]: Deleting file temp_26_0_0_0.rdf
[14:46:28] [INFO]: The job was executed succesfully.
[14:46:28] [INFO]: Starting Job number 26: DELETE JOB
[14:46:28] [INFO]: Deleting file temp_27_0_0_0.rdf
[14:46:28] [INFO]: The job was executed succesfully.
[14:46:28] [INFO]: Starting Job number 27: DELETE JOB
[14:46:28] [INFO]: Deleting file temp_29_0_0_0.rdf
[14:46:28] [INFO]: The job was executed succesfully.
[14:46:28] [INFO]: DONE! Merge succeeded
